// <autogenerated>
//   This file contains the list of files generated by Generate.tt.
//   It is used by T4 Toolbox (http://www.codeplex.com/t4toolbox) to automatically delete
//   generated files that are no longer necessary. Do not modify this file manually. Manual
//   changes may cause orphaned files and will be lost next time the code is regenerated.
// </autogenerated>
..\Suppliers\Default.cshtml
..\Suppliers\_View.cshtml
..\Suppliers\_Edit.cshtml
..\Products\Default.cshtml
..\Products\_View.cshtml
..\Products\_Edit.cshtml
..\Customers\Default.cshtml
..\Customers\_View.cshtml
..\Customers\_Edit.cshtml
..\Orders\Default.cshtml
..\Orders\_View.cshtml
..\Orders\_Edit.cshtml
..\Employees\Default.cshtml
..\Employees\_View.cshtml
..\Employees\_Edit.cshtml
.\Generate.tt.log
